commit 3279f56028b116a2a4bbd0c9c26267456f048381
Author: unclejesse <unclejesse@utexas.edu>
Date:   Thu Nov 5 18:20:01 2015 -0600

    still trying to pass travis

commit 223b7783b3eace3e0456355611a5039fe382ccd2
Author: unclejesse <unclejesse@utexas.edu>
Date:   Thu Nov 5 18:10:20 2015 -0600

    should pass travis now

commit 1e40473999025bc102c1ad7bc44376bde38d6a60
Author: unclejesse <unclejesse@utexas.edu>
Date:   Thu Nov 5 18:09:24 2015 -0600

    updated html

commit 2513f9f04cdd1f003553b5807cfd205b23d2f7da
Author: unclejesse <unclejesse@utexas.edu>
Date:   Thu Nov 5 18:05:10 2015 -0600

    changed tests slightly

commit 18d57d23596d6e2d8d61e99f95cffad35169fc7e
Author: unclejesse <unclejesse@utexas.edu>
Date:   Thu Nov 5 17:58:04 2015 -0600

    ok, now I've fixed the makefile

commit 35a640fbb0af0ac1c5c1c4a4bf42bf54d0ab3ddf
Author: unclejesse <unclejesse@utexas.edu>
Date:   Thu Nov 5 17:12:58 2015 -0600

    made html

commit b15195678333f7c7492bc451ae8f562ef64c5ce5
Author: unclejesse <unclejesse@utexas.edu>
Date:   Thu Nov 5 17:05:11 2015 -0600

    fixes #22

commit bd0e5ca13bce278a3e6e636c427126c8b825c860
Author: unclejesse <unclejesse@utexas.edu>
Date:   Wed Nov 4 20:44:49 2015 -0600

    trying to pass travis

commit 75a801fb4e4588ed0b4e8205d7fec2c8020eae2c
Author: unclejesse <unclejesse@utexas.edu>
Date:   Wed Nov 4 20:35:30 2015 -0600

    made best creature, fixes #8, fixes #17

commit 53458469ee2e755f8006399da9edbc65a31fd53c
Author: unclejesse <unclejesse@utexas.edu>
Date:   Wed Nov 4 19:02:29 2015 -0600

    still working on best creature, fixes #20, fixes #21, fixes #15, fixes #7

commit 3c9e9245b7ecb202b7a300b97c9606beb552c815
Author: unclejesse <unclejesse@utexas.edu>
Date:   Wed Nov 4 18:08:36 2015 -0600

    writing more tests

commit f2e3835ffa5762489c69f67047cb7d1c845a2d94
Author: unclejesse <unclejesse@utexas.edu>
Date:   Wed Nov 4 18:04:01 2015 -0600

    passing all unit tests

commit 20a697dd2e1d4c449eeb3053980fc8c895a82071
Author: unclejesse <unclejesse@utexas.edu>
Date:   Tue Nov 3 20:48:03 2015 -0600

    not working

commit c7f4aa0c162d3f89aa9b34d551edf6e6f5c92b64
Author: unclejesse <unclejesse@utexas.edu>
Date:   Tue Nov 3 19:17:55 2015 -0600

    still writing unit tests, overloaded <<, fixes #15

commit 93df10de4f24dc9d23e47c4a9a3b41dacda51fcf
Author: unclejesse <unclejesse@utexas.edu>
Date:   Tue Nov 3 18:51:21 2015 -0600

    writing more unit tests

commit d24ee169ae91255f909a089e91003f4003e73907
Author: unclejesse <unclejesse@utexas.edu>
Date:   Tue Nov 3 16:51:33 2015 -0600

    writing unit tests

commit 034eab51c4c7073377bd1a7474659d5bd0bda6a8
Author: Adolfo Muller <amuller@cs.utexas.edu>
Date:   Tue Nov 3 16:47:07 2015 -0600

    close #20, close issue with commit

commit 83e7c416d0b74c4c4b2157624089819dd30fedc5
Author: unclejesse <unclejesse@utexas.edu>
Date:   Tue Nov 3 16:41:13 2015 -0600

    made some design changes

commit 7543d4773b26d95a22f4817d249d737c5e5b6f80
Author: unclejesse <unclejesse@utexas.edu>
Date:   Mon Nov 2 18:47:23 2015 -0600

    got a working program, just need to make sure no getters or setters left, closes #4, closes #5, closes #6, closes #9, closes #10, closes #11, closes #12, closes #13, closes #14, closes #16, closes #18, closes #19

commit ca644be632fed3ba8330e12083322b9486f18e98
Author: Adolfo Muller <amuller@cs.utexas.edu>
Date:   Mon Nov 2 15:16:16 2015 -0600

    added darwin iterator

commit 33a7ffe022e173e760f342d32c15891677f0051f
Author: Adolfo Muller <amuller@cs.utexas.edu>
Date:   Sun Nov 1 18:59:13 2015 -0600

    Fnished making tests in RunDarwin.c++ except best

commit f2431e787f1b694726e4997c0ed5fc9f126f1f7c
Author: Adolfo Muller <amuller@cs.utexas.edu>
Date:   Sun Nov 1 18:01:59 2015 -0600

    Starting making tests in RunDarwin

commit 0b82e0b59a04b29f49d716ac243de566d1a31f68
Author: unclejesse <unclejesse@utexas.edu>
Date:   Sun Nov 1 15:29:05 2015 -0600

    working on darwin::printDarwin

commit b4f32bd1c0c87c23a43175a1df43026a33207113
Author: unclejesse <unclejesse@utexas.edu>
Date:   Sat Oct 31 20:31:13 2015 -0500

    it compiles now

commit 5ea183a28d1eb3dc0db2f6aa76f79b2e6bce857b
Author: unclejesse <unclejesse@utexas.edu>
Date:   Sat Oct 31 17:16:00 2015 -0500

    made a mess

commit 25fe05673fe80c4a17e7289e64cc3a92069c2ac0
Author: unclejesse <unclejesse@utexas.edu>
Date:   Fri Oct 30 18:23:10 2015 -0500

    writing iterator

commit 6aab2b47286cb9d44ff62369dc90827dcfa4c743
Author: unclejesse <unclejesse@utexas.edu>
Date:   Fri Oct 30 17:07:12 2015 -0500

    started writing tests

commit 6995e1ecb4720fd98d8b940b26414ebe397444e6
Author: unclejesse <unclejesse@utexas.edu>
Date:   Fri Oct 30 16:47:14 2015 -0500

    moved method bodies into darwin.c++, closes #11

commit 260314342090b086749536481b1fce07e61f4d83
Author: Adolfo Muller <amuller@cs.utexas.edu>
Date:   Wed Oct 28 17:38:09 2015 -0500

    started debugging the code

commit 902e7cd5eac8b253590c3071595aa5caaace2767
Author: Adolfo Muller <amuller@cs.utexas.edu>
Date:   Wed Oct 28 16:56:47 2015 -0500

    debugged darwin.h

commit db9d006bd572d1e6310106ae218805724247d085
Author: Adolfo Muller <amuller@cs.utexas.edu>
Date:   Wed Oct 28 15:55:00 2015 -0500

    made a mess in darwin.h

commit c5736f69b46d8a04cf745b6a4b6d4902f3e1f417
Author: Adolfo Muller <amuller@cs.utexas.edu>
Date:   Tue Oct 27 18:55:09 2015 -0500

    still trying to set up darwin.c++

commit dea608a14d5a1fb7f13a6b65c10018d47edfa421
Author: Adolfo Muller <amuller@cs.utexas.edu>
Date:   Tue Oct 27 18:10:05 2015 -0500

    created Darwin.c++

commit 58ce5ae98084ac54af1b1b7117456bfa06cae65f
Author: unclejesse <unclejesse@utexas.edu>
Date:   Tue Oct 27 17:11:44 2015 -0500

    made some minor changes to darwin.h

commit b5a5efdfa77aab6ee9348b1d88c868c7e134bc9c
Author: unclejesse <unclejesse@utexas.edu>
Date:   Tue Oct 27 16:15:02 2015 -0500

    this fixes #1, fixes #2, fixes #3

commit 8ead2e40e4ede48cee3e88084a71d1c0c530b038
Author: Adolfo Muller <amuller@cs.utexas.edu>
Date:   Mon Oct 26 15:49:52 2015 -0500

    created Darwin.h

commit b6b0b3fa3b5cf91ae9a4e6124d6fe59de5988d9b
Author: UncleJesse <unclejesse@utexas.edu>
Date:   Mon Oct 26 14:27:09 2015 -0500

    Initial commit
